<?xml version="1.0" encoding="UTF-8"?>
<!-- Generated by org.testng.reporters.JUnitReportReporter -->
<testsuite skipped="0" hostname="Sagar-Laptop" name="org.framework.demo.HomePage" tests="1" failures="0" timestamp="2019-12-24T12:13:59 IST" time="11.747" errors="0">
  <testcase name="HomePage" time="11.747" classname="org.framework.demo.HomePage"/>
</testsuite> <!-- org.framework.demo.HomePage -->
