<?xml version="1.0" encoding="UTF-8"?>
<!-- Generated by org.testng.reporters.JUnitReportReporter -->
<testsuite skipped="0" hostname="Sagar-Laptop" name="org.framework.demo.Provisioning" tests="1" failures="0" timestamp="2020-01-18T16:33:10 IST" time="37.603" errors="0">
  <testcase name="partnerLogin" time="37.603" classname="org.framework.demo.Provisioning"/>
</testsuite> <!-- org.framework.demo.Provisioning -->
