<?xml version="1.0" encoding="UTF-8"?>
<!-- Generated by org.testng.reporters.JUnitReportReporter -->
<testsuite skipped="0" hostname="Sagar-Laptop" name="org.framework.demo.HomePage" tests="1" failures="0" timestamp="24 Dec 2019 06:09:50 GMT" time="38.525" errors="0">
  <testcase name="HomePage" time="38.525" classname="org.framework.demo.HomePage"/>
</testsuite> <!-- org.framework.demo.HomePage -->
