<?xml version="1.0" encoding="UTF-8"?>
<!-- Generated by org.testng.reporters.JUnitReportReporter -->
<testsuite skipped="0" hostname="Sagar-Laptop" name="org.framework.demo.HomePage" tests="1" failures="0" timestamp="25 Dec 2019 13:10:58 GMT" time="7.357" errors="0">
  <testcase name="HomePage" time="7.357" classname="org.framework.demo.HomePage"/>
</testsuite> <!-- org.framework.demo.HomePage -->
